<?xml version="1.0" encoding="UTF-8"?>
<!-- Generated by org.testng.reporters.JUnitXMLReporter -->
<testsuite ignored="0" hostname="LTIN228261" failures="0" tests="3" name="Test" time="58.467" errors="0" timestamp="2024-03-02T20:15:29 IST">
  <testcase classname="testCases.TC_001_Book_SUV" name="search" time="13.401"/>
  <testcase classname="testCases.TC_002_Gift_Card" name="enter_wrong_info" time="11.933"/>
  <testcase classname="testCases.TC_003_Count_AdultCount" name="adultCount" time="2.639"/>
</testsuite> <!-- Test -->
