<?xml version="1.0" encoding="UTF-8"?>
<!-- Generated by org.testng.reporters.JUnitXMLReporter -->
<testsuite ignored="0" hostname="LTIN228261" failures="0" tests="3" name="Test" time="64.953" errors="0" timestamp="2024-02-29T20:56:32 IST">
  <testcase classname="testCases.TC_001_Book_SUV" name="search" time="14.217"/>
  <testcase classname="testCases.TC_002_Gift_Card" name="enter_wrong_info" time="12.256"/>
  <testcase classname="testCases.TC_003_Count_AdultCount" name="adultCount" time="2.934"/>
</testsuite> <!-- Test -->
